[2025-11-29 00:41:32,360: INFO: common: yaml file: config\config.yaml loaded successfully]
[2025-11-29 00:41:32,365: INFO: common: yaml file: params.yaml loaded successfully]
[2025-11-29 00:41:32,382: INFO: common: yaml file: schema.yaml loaded successfully]
[2025-11-29 00:41:32,384: INFO: common: created directory at: artifacts]
[2025-11-29 00:41:32,386: INFO: common: created directory at: artifacts/data_ingestion]
[2025-11-29 09:32:11,657: INFO: common: yaml file: config\config.yaml loaded successfully]
[2025-11-29 09:32:11,668: INFO: common: yaml file: params.yaml loaded successfully]
[2025-11-29 09:32:11,691: INFO: common: yaml file: schema.yaml loaded successfully]
[2025-11-29 09:32:11,697: INFO: common: created directory at: artifacts]
[2025-11-29 09:32:11,700: INFO: common: created directory at: artifacts/data_validation]
[2025-11-29 09:33:58,670: INFO: common: yaml file: config\config.yaml loaded successfully]
[2025-11-29 09:33:58,674: INFO: common: yaml file: params.yaml loaded successfully]
[2025-11-29 09:33:58,681: INFO: common: yaml file: schema.yaml loaded successfully]
[2025-11-29 09:33:58,686: INFO: common: created directory at: artifacts]
[2025-11-29 09:33:58,688: INFO: common: created directory at: artifacts/data_validation]
[2025-11-29 11:30:56,429: INFO: common: yaml file: config\config.yaml loaded successfully]
[2025-11-29 11:30:56,463: INFO: common: yaml file: params.yaml loaded successfully]
[2025-11-29 11:30:56,469: INFO: common: yaml file: schema.yaml loaded successfully]
[2025-11-29 11:30:56,492: INFO: common: created directory at: artifacts]
[2025-11-29 11:30:56,495: INFO: common: created directory at: artifacts/data_transformation]
[2025-11-29 11:30:56,496: INFO: 1632261556: Loading data...]
[2025-11-29 11:30:57,091: INFO: 1632261556: Splitting data into Train and Test...]
[2025-11-29 11:30:58,725: INFO: 1632261556: Categorical cols: ['type_of_meal_plan', 'room_type_reserved', 'market_segment_type']]
[2025-11-29 11:30:58,729: INFO: 1632261556: Numerical cols: ['no_of_adults', 'no_of_children', 'no_of_weekend_nights', 'no_of_week_nights', 'required_car_parking_space', 'lead_time', 'arrival_year', 'arrival_month', 'arrival_date', 'repeated_guest', 'no_of_previous_cancellations', 'no_of_previous_bookings_not_canceled', 'avg_price_per_room', 'no_of_special_requests']]
[2025-11-29 11:31:00,259: INFO: 1632261556: Transformation Complete. Train Shape: (29020, 31), Test Shape: (7255, 31)]
[2025-11-29 11:33:24,039: INFO: common: yaml file: config\config.yaml loaded successfully]
[2025-11-29 11:33:24,044: INFO: common: yaml file: params.yaml loaded successfully]
[2025-11-29 11:33:24,048: INFO: common: yaml file: schema.yaml loaded successfully]
[2025-11-29 11:33:24,055: INFO: common: created directory at: artifacts]
[2025-11-29 11:33:24,057: INFO: common: created directory at: artifacts/model_trainer]
[2025-11-29 11:33:28,504: INFO: 443488776: Random Forest Model trained and saved at: artifacts/model_trainer\model.joblib]
[2025-11-29 11:35:50,981: INFO: common: yaml file: config\config.yaml loaded successfully]
[2025-11-29 11:35:50,986: INFO: common: yaml file: params.yaml loaded successfully]
[2025-11-29 11:35:50,990: INFO: common: yaml file: schema.yaml loaded successfully]
[2025-11-29 11:35:50,992: INFO: common: created directory at: artifacts]
[2025-11-29 11:35:50,994: INFO: common: created directory at: artifacts/model_evaluation]
[2025-11-29 11:35:53,638: INFO: common: json file saved at: artifacts\model_evaluation\metrics.json]
